# JRE version: OpenJDK Runtime Environment (21.0+35) (build 21+35-2513)
# Java VM: OpenJDK 64-Bit Server VM (21+35-2513, mixed mode, sharing, tiered, compressed oops, compressed class ptrs, g1 gc, windows-amd64)
GC Precious Log:
 CardTable entry size: 512
 Card Set container configuration: InlinePtr #cards 5 size 8 Array Of Cards #cards 12 size 40 Howl #buckets 4 coarsen threshold 1843 Howl Bitmap #cards 512 size 80 coarsen threshold 460 Card regions per heap region 1 cards per card region 2048
 CPUs: 8 total, 8 available
 Memory: 6017M
 Large Page Support: Disabled
 NUMA Support: Disabled
 Compressed Oops: Enabled (32-bit)
 Heap Region Size: 1M
 Heap Min Capacity: 8M
 Heap Initial Capacity: 96M
 Heap Max Capacity: 1506M
 Pre-touch: Disabled
 Parallel Workers: 8
 Concurrent Workers: 2
 Concurrent Refinement Workers: 8
 Periodic GC: Disabled
Heap:
 garbage-first heap   total 56320K, used 15885K [0x00000000a1e00000, 0x0000000100000000)
  region size 1024K, 10 young (10240K), 8 survivors (8192K)
 Metaspace       used 26763K, committed 27136K, reserved 1114112K
  class space    used 3663K, committed 3840K, reserved 1048576K
GC Heap History (8 events):
Event: 2.260 GC heap before
{Heap before GC invocations=0 (full 0):
 garbage-first heap   total 98304K, used 22528K [0x00000000a1e00000, 0x0000000100000000)
  region size 1024K, 23 young (23552K), 0 survivors (0K)
 Metaspace       used 4390K, committed 4608K, reserved 1114112K
  class space    used 443K, committed 576K, reserved 1048576K
}
Event: 2.266 GC heap after
{Heap after GC invocations=1 (full 0):
 garbage-first heap   total 98304K, used 2816K [0x00000000a1e00000, 0x0000000100000000)
  region size 1024K, 3 young (3072K), 3 survivors (3072K)
 Metaspace       used 4390K, committed 4608K, reserved 1114112K
  class space    used 443K, committed 576K, reserved 1048576K
}
Event: 3.258 GC heap before
{Heap before GC invocations=1 (full 0):
 garbage-first heap   total 98304K, used 36608K [0x00000000a1e00000, 0x0000000100000000)
  region size 1024K, 37 young (37888K), 3 survivors (3072K)
 Metaspace       used 11445K, committed 11712K, reserved 1114112K
  class space    used 1556K, committed 1664K, reserved 1048576K
}
Event: 3.265 GC heap after
{Heap after GC invocations=2 (full 0):
 garbage-first heap   total 98304K, used 5637K [0x00000000a1e00000, 0x0000000100000000)
  region size 1024K, 5 young (5120K), 5 survivors (5120K)
 Metaspace       used 11445K, committed 11712K, reserved 1114112K
  class space    used 1556K, committed 1664K, reserved 1048576K
}
Event: 11.257 GC heap before
{Heap before GC invocations=2 (full 0):
 garbage-first heap   total 98304K, used 44549K [0x00000000a1e00000, 0x0000000100000000)
  region size 1024K, 43 young (44032K), 5 survivors (5120K)
 Metaspace       used 21213K, committed 21504K, reserved 1114112K
  class space    used 2855K, committed 3008K, reserved 1048576K
}
Event: 11.266 GC heap after
{Heap after GC invocations=3 (full 0):
 garbage-first heap   total 98304K, used 11528K [0x00000000a1e00000, 0x0000000100000000)
  region size 1024K, 7 young (7168K), 7 survivors (7168K)
 Metaspace       used 21213K, committed 21504K, reserved 1114112K
  class space    used 2855K, committed 3008K, reserved 1048576K
}
Event: 69.915 GC heap before
{Heap before GC invocations=4 (full 0):
 garbage-first heap   total 45056K, used 44296K [0x00000000a1e00000, 0x0000000100000000)
  region size 1024K, 39 young (39936K), 7 survivors (7168K)
 Metaspace       used 26732K, committed 27072K, reserved 1114112K
  class space    used 3659K, committed 3840K, reserved 1048576K
}
Event: 69.925 GC heap after
{Heap after GC invocations=5 (full 0):
 garbage-first heap   total 56320K, used 14861K [0x00000000a1e00000, 0x0000000100000000)
  region size 1024K, 8 young (8192K), 8 survivors (8192K)
 Metaspace       used 26732K, committed 27072K, reserved 1114112K
  class space    used 3659K, committed 3840K, reserved 1048576K
}

