# JRE version: OpenJDK Runtime Environment (21.0+35) (build 21+35-2513)
# Java VM: OpenJDK 64-Bit Server VM (21+35-2513, mixed mode, sharing, tiered, compressed oops, compressed class ptrs, g1 gc, windows-amd64)
GC Precious Log:
 CardTable entry size: 512
 Card Set container configuration: InlinePtr #cards 5 size 8 Array Of Cards #cards 12 size 40 Howl #buckets 4 coarsen threshold 1843 Howl Bitmap #cards 512 size 80 coarsen threshold 460 Card regions per heap region 1 cards per card region 2048
 CPUs: 8 total, 8 available
 Memory: 6017M
 Large Page Support: Disabled
 NUMA Support: Disabled
 Compressed Oops: Enabled (32-bit)
 Heap Region Size: 1M
 Heap Min Capacity: 8M
 Heap Initial Capacity: 96M
 Heap Max Capacity: 1506M
 Pre-touch: Disabled
 Parallel Workers: 8
 Concurrent Workers: 2
 Concurrent Refinement Workers: 8
 Periodic GC: Disabled
Heap:
 garbage-first heap   total 56320K, used 22066K [0x00000000a1e00000, 0x0000000100000000)
  region size 1024K, 14 young (14336K), 8 survivors (8192K)
 Metaspace       used 26646K, committed 27008K, reserved 1114112K
  class space    used 3671K, committed 3840K, reserved 1048576K
GC Heap History (8 events):
Event: 1.249 GC heap before
{Heap before GC invocations=0 (full 0):
 garbage-first heap   total 98304K, used 22528K [0x00000000a1e00000, 0x0000000100000000)
  region size 1024K, 23 young (23552K), 0 survivors (0K)
 Metaspace       used 4940K, committed 5120K, reserved 1114112K
  class space    used 519K, committed 576K, reserved 1048576K
}
Event: 1.255 GC heap after
{Heap after GC invocations=1 (full 0):
 garbage-first heap   total 98304K, used 3877K [0x00000000a1e00000, 0x0000000100000000)
  region size 1024K, 3 young (3072K), 3 survivors (3072K)
 Metaspace       used 4940K, committed 5120K, reserved 1114112K
  class space    used 519K, committed 576K, reserved 1048576K
}
Event: 1.915 GC heap before
{Heap before GC invocations=1 (full 0):
 garbage-first heap   total 98304K, used 34597K [0x00000000a1e00000, 0x0000000100000000)
  region size 1024K, 34 young (34816K), 3 survivors (3072K)
 Metaspace       used 11983K, committed 12224K, reserved 1114112K
  class space    used 1699K, committed 1792K, reserved 1048576K
}
Event: 1.921 GC heap after
{Heap after GC invocations=2 (full 0):
 garbage-first heap   total 98304K, used 6468K [0x00000000a1e00000, 0x0000000100000000)
  region size 1024K, 3 young (3072K), 3 survivors (3072K)
 Metaspace       used 11983K, committed 12224K, reserved 1114112K
  class space    used 1699K, committed 1792K, reserved 1048576K
}
Event: 11.607 GC heap before
{Heap before GC invocations=2 (full 0):
 garbage-first heap   total 98304K, used 36164K [0x00000000a1e00000, 0x0000000100000000)
  region size 1024K, 32 young (32768K), 3 survivors (3072K)
 Metaspace       used 21186K, committed 21504K, reserved 1114112K
  class space    used 2889K, committed 3072K, reserved 1048576K
}
Event: 11.612 GC heap after
{Heap after GC invocations=3 (full 0):
 garbage-first heap   total 98304K, used 11806K [0x00000000a1e00000, 0x0000000100000000)
  region size 1024K, 6 young (6144K), 6 survivors (6144K)
 Metaspace       used 21186K, committed 21504K, reserved 1114112K
  class space    used 2889K, committed 3072K, reserved 1048576K
}
Event: 16.076 GC heap before
{Heap before GC invocations=4 (full 0):
 garbage-first heap   total 45056K, used 44574K [0x00000000a1e00000, 0x0000000100000000)
  region size 1024K, 38 young (38912K), 6 survivors (6144K)
 Metaspace       used 26475K, committed 26816K, reserved 1114112K
  class space    used 3666K, committed 3840K, reserved 1048576K
}
Event: 16.087 GC heap after
{Heap after GC invocations=5 (full 0):
 garbage-first heap   total 56320K, used 16946K [0x00000000a1e00000, 0x0000000100000000)
  region size 1024K, 8 young (8192K), 8 survivors (8192K)
 Metaspace       used 26475K, committed 26816K, reserved 1114112K
  class space    used 3666K, committed 3840K, reserved 1048576K
}

