# JRE version: OpenJDK Runtime Environment (21.0+35) (build 21+35-2513)
# Java VM: OpenJDK 64-Bit Server VM (21+35-2513, mixed mode, sharing, tiered, compressed oops, compressed class ptrs, g1 gc, windows-amd64)
GC Precious Log:
 CardTable entry size: 512
 Card Set container configuration: InlinePtr #cards 5 size 8 Array Of Cards #cards 12 size 40 Howl #buckets 4 coarsen threshold 1843 Howl Bitmap #cards 512 size 80 coarsen threshold 460 Card regions per heap region 1 cards per card region 2048
 CPUs: 8 total, 8 available
 Memory: 6017M
 Large Page Support: Disabled
 NUMA Support: Disabled
 Compressed Oops: Enabled (32-bit)
 Heap Region Size: 1M
 Heap Min Capacity: 8M
 Heap Initial Capacity: 96M
 Heap Max Capacity: 1506M
 Pre-touch: Disabled
 Parallel Workers: 8
 Concurrent Workers: 2
 Concurrent Refinement Workers: 8
 Periodic GC: Disabled
Heap:
 garbage-first heap   total 48128K, used 32706K [0x00000000a1e00000, 0x0000000100000000)
  region size 1024K, 21 young (21504K), 3 survivors (3072K)
 Metaspace       used 26720K, committed 27072K, reserved 1114112K
  class space    used 3670K, committed 3840K, reserved 1048576K
GC Heap History (8 events):
Event: 1.016 GC heap before
{Heap before GC invocations=0 (full 0):
 garbage-first heap   total 98304K, used 22528K [0x00000000a1e00000, 0x0000000100000000)
  region size 1024K, 23 young (23552K), 0 survivors (0K)
 Metaspace       used 4945K, committed 5120K, reserved 1114112K
  class space    used 555K, committed 640K, reserved 1048576K
}
Event: 1.020 GC heap after
{Heap after GC invocations=1 (full 0):
 garbage-first heap   total 98304K, used 2648K [0x00000000a1e00000, 0x0000000100000000)
  region size 1024K, 3 young (3072K), 3 survivors (3072K)
 Metaspace       used 4945K, committed 5120K, reserved 1114112K
  class space    used 555K, committed 640K, reserved 1048576K
}
Event: 1.696 GC heap before
{Heap before GC invocations=1 (full 0):
 garbage-first heap   total 98304K, used 36440K [0x00000000a1e00000, 0x0000000100000000)
  region size 1024K, 37 young (37888K), 3 survivors (3072K)
 Metaspace       used 12552K, committed 12800K, reserved 1114112K
  class space    used 1841K, committed 1920K, reserved 1048576K
}
Event: 1.704 GC heap after
{Heap after GC invocations=2 (full 0):
 garbage-first heap   total 98304K, used 6426K [0x00000000a1e00000, 0x0000000100000000)
  region size 1024K, 5 young (5120K), 5 survivors (5120K)
 Metaspace       used 12552K, committed 12800K, reserved 1114112K
  class space    used 1841K, committed 1920K, reserved 1048576K
}
Event: 15.531 GC heap before
{Heap before GC invocations=2 (full 0):
 garbage-first heap   total 98304K, used 34074K [0x00000000a1e00000, 0x0000000100000000)
  region size 1024K, 32 young (32768K), 5 survivors (5120K)
 Metaspace       used 21232K, committed 21504K, reserved 1114112K
  class space    used 2887K, committed 3008K, reserved 1048576K
}
Event: 15.538 GC heap after
{Heap after GC invocations=3 (full 0):
 garbage-first heap   total 98304K, used 12217K [0x00000000a1e00000, 0x0000000100000000)
  region size 1024K, 7 young (7168K), 7 survivors (7168K)
 Metaspace       used 21232K, committed 21504K, reserved 1114112K
  class space    used 2887K, committed 3008K, reserved 1048576K
}
Event: 18.122 GC heap before
{Heap before GC invocations=4 (full 0):
 garbage-first heap   total 48128K, used 33721K [0x00000000a1e00000, 0x0000000100000000)
  region size 1024K, 28 young (28672K), 7 survivors (7168K)
 Metaspace       used 25578K, committed 25920K, reserved 1114112K
  class space    used 3521K, committed 3648K, reserved 1048576K
}
Event: 18.132 GC heap after
{Heap after GC invocations=5 (full 0):
 garbage-first heap   total 48128K, used 15298K [0x00000000a1e00000, 0x0000000100000000)
  region size 1024K, 3 young (3072K), 3 survivors (3072K)
 Metaspace       used 25578K, committed 25920K, reserved 1114112K
  class space    used 3521K, committed 3648K, reserved 1048576K
}

